<?xml version="1.0" encoding="UTF-8"?>
<testng-results ignored="0" total="1" passed="1" failed="0" skipped="0">
  <reporter-output>
  </reporter-output>
  <suite started-at="2025-08-25T16:44:32 IST" name="Default suite" finished-at="2025-08-25T16:45:56 IST" duration-ms="83982">
    <groups>
    </groups>
    <test started-at="2025-08-25T16:44:32 IST" name="Default test" finished-at="2025-08-25T16:45:56 IST" duration-ms="83982">
      <class name="testPackage.LogOutTest">
        <test-method is-config="true" signature="setUp()[pri:0, instance:testPackage.LogOutTest@7eac9008]" started-at="2025-08-25T16:44:32 IST" name="setUp" finished-at="2025-08-25T16:44:48 IST" duration-ms="15934" status="PASS">
          <reporter-output>
          </reporter-output>
        </test-method> <!-- setUp -->
        <test-method signature="Test1()[pri:0, instance:testPackage.LogOutTest@7eac9008]" started-at="2025-08-25T16:44:48 IST" name="Test1" finished-at="2025-08-25T16:45:56 IST" duration-ms="67988" status="PASS">
          <reporter-output>
          </reporter-output>
        </test-method> <!-- Test1 -->
      </class> <!-- testPackage.LogOutTest -->
    </test> <!-- Default test -->
  </suite> <!-- Default suite -->
</testng-results>
